

Started GET "/suspect_posts/new" for ::1 at 2015-03-18 19:35:03 +0200

Mysql2::Error (Can't connect to local MySQL server through socket '/var/run/mysqld/mysqld.sock' (2)):
  mysql2 (0.3.18) lib/mysql2/client.rb:70:in `connect'
  mysql2 (0.3.18) lib/mysql2/client.rb:70:in `initialize'
  activerecord (4.2.0) lib/active_record/connection_adapters/mysql2_adapter.rb:18:in `new'
  activerecord (4.2.0) lib/active_record/connection_adapters/mysql2_adapter.rb:18:in `mysql2_connection'
  activerecord (4.2.0) lib/active_record/connection_adapters/abstract/connection_pool.rb:436:in `new_connection'
  activerecord (4.2.0) lib/active_record/connection_adapters/abstract/connection_pool.rb:446:in `checkout_new_connection'
  activerecord (4.2.0) lib/active_record/connection_adapters/abstract/connection_pool.rb:422:in `acquire_connection'
  activerecord (4.2.0) lib/active_record/connection_adapters/abstract/connection_pool.rb:349:in `block in checkout'
  /Users/mac/.rvm/rubies/ruby-2.1.3/lib/ruby/2.1.0/monitor.rb:211:in `mon_synchronize'
  activerecord (4.2.0) lib/active_record/connection_adapters/abstract/connection_pool.rb:348:in `checkout'
  activerecord (4.2.0) lib/active_record/connection_adapters/abstract/connection_pool.rb:263:in `block in connection'
  /Users/mac/.rvm/rubies/ruby-2.1.3/lib/ruby/2.1.0/monitor.rb:211:in `mon_synchronize'
  activerecord (4.2.0) lib/active_record/connection_adapters/abstract/connection_pool.rb:262:in `connection'
  activerecord (4.2.0) lib/active_record/connection_adapters/abstract/connection_pool.rb:565:in `retrieve_connection'
  activerecord (4.2.0) lib/active_record/connection_handling.rb:113:in `retrieve_connection'
  activerecord (4.2.0) lib/active_record/connection_handling.rb:87:in `connection'
  activerecord (4.2.0) lib/active_record/migration.rb:384:in `connection'
  activerecord (4.2.0) lib/active_record/migration.rb:371:in `call'
  actionpack (4.2.0) lib/action_dispatch/middleware/callbacks.rb:29:in `block in call'
  activesupport (4.2.0) lib/active_support/callbacks.rb:88:in `call'
  activesupport (4.2.0) lib/active_support/callbacks.rb:88:in `_run_callbacks'
  activesupport (4.2.0) lib/active_support/callbacks.rb:734:in `_run_call_callbacks'
  activesupport (4.2.0) lib/active_support/callbacks.rb:81:in `run_callbacks'
  actionpack (4.2.0) lib/action_dispatch/middleware/callbacks.rb:27:in `call'
  actionpack (4.2.0) lib/action_dispatch/middleware/reloader.rb:73:in `call'
  actionpack (4.2.0) lib/action_dispatch/middleware/remote_ip.rb:78:in `call'
  actionpack (4.2.0) lib/action_dispatch/middleware/debug_exceptions.rb:17:in `call'
  web-console (2.1.1) lib/web_console/middleware.rb:37:in `call'
  actionpack (4.2.0) lib/action_dispatch/middleware/show_exceptions.rb:30:in `call'
  railties (4.2.0) lib/rails/rack/logger.rb:38:in `call_app'
  railties (4.2.0) lib/rails/rack/logger.rb:20:in `block in call'
  activesupport (4.2.0) lib/active_support/tagged_logging.rb:68:in `block in tagged'
  activesupport (4.2.0) lib/active_support/tagged_logging.rb:26:in `tagged'
  activesupport (4.2.0) lib/active_support/tagged_logging.rb:68:in `tagged'
  railties (4.2.0) lib/rails/rack/logger.rb:20:in `call'
  actionpack (4.2.0) lib/action_dispatch/middleware/request_id.rb:21:in `call'
  rack (1.6.0) lib/rack/methodoverride.rb:22:in `call'
  rack (1.6.0) lib/rack/runtime.rb:18:in `call'
  activesupport (4.2.0) lib/active_support/cache/strategy/local_cache_middleware.rb:28:in `call'
  rack (1.6.0) lib/rack/lock.rb:17:in `call'
  actionpack (4.2.0) lib/action_dispatch/middleware/static.rb:113:in `call'
  rack (1.6.0) lib/rack/sendfile.rb:113:in `call'
  railties (4.2.0) lib/rails/engine.rb:518:in `call'
  railties (4.2.0) lib/rails/application.rb:164:in `call'
  rack (1.6.0) lib/rack/lock.rb:17:in `call'
  rack (1.6.0) lib/rack/content_length.rb:15:in `call'
  rack (1.6.0) lib/rack/handler/webrick.rb:89:in `service'
  /Users/mac/.rvm/rubies/ruby-2.1.3/lib/ruby/2.1.0/webrick/httpserver.rb:138:in `service'
  /Users/mac/.rvm/rubies/ruby-2.1.3/lib/ruby/2.1.0/webrick/httpserver.rb:94:in `run'
  /Users/mac/.rvm/rubies/ruby-2.1.3/lib/ruby/2.1.0/webrick/server.rb:295:in `block in start_thread'


  Rendered /Users/mac/.rvm/gems/ruby-2.1.3/gems/actionpack-4.2.0/lib/action_dispatch/middleware/templates/rescues/_source.erb (2.8ms)
  Rendered /Users/mac/.rvm/gems/ruby-2.1.3/gems/actionpack-4.2.0/lib/action_dispatch/middleware/templates/rescues/_trace.html.erb (1.8ms)
  Rendered /Users/mac/.rvm/gems/ruby-2.1.3/gems/actionpack-4.2.0/lib/action_dispatch/middleware/templates/rescues/_request_and_response.html.erb (1.0ms)
  Rendered /Users/mac/.rvm/gems/ruby-2.1.3/gems/actionpack-4.2.0/lib/action_dispatch/middleware/templates/rescues/diagnostics.html.erb within rescues/layout (22.0ms)
  Rendered /Users/mac/.rvm/gems/ruby-2.1.3/gems/web-console-2.1.1/lib/web_console/templates/_markup.html (0.6ms)
  Rendered /Users/mac/.rvm/gems/ruby-2.1.3/gems/web-console-2.1.1/lib/web_console/templates/style.css within layouts/inlined_string (0.4ms)
  Rendered /Users/mac/.rvm/gems/ruby-2.1.3/gems/web-console-2.1.1/lib/web_console/templates/_inner_console_markup.html within layouts/inlined_string (0.3ms)
  Rendered /Users/mac/.rvm/gems/ruby-2.1.3/gems/web-console-2.1.1/lib/web_console/templates/_prompt_box_markup.html within layouts/inlined_string (0.3ms)
  Rendered /Users/mac/.rvm/gems/ruby-2.1.3/gems/web-console-2.1.1/lib/web_console/templates/console.js within layouts/javascript (50.2ms)
  Rendered /Users/mac/.rvm/gems/ruby-2.1.3/gems/web-console-2.1.1/lib/web_console/templates/main.js within layouts/javascript (0.3ms)
  Rendered /Users/mac/.rvm/gems/ruby-2.1.3/gems/web-console-2.1.1/lib/web_console/templates/error_page.js within layouts/javascript (0.4ms)
  Rendered /Users/mac/.rvm/gems/ruby-2.1.3/gems/web-console-2.1.1/lib/web_console/templates/index.html (76.4ms)


Started GET "/suspect_posts/new" for ::1 at 2015-03-18 19:35:16 +0200

Mysql2::Error (Can't connect to local MySQL server through socket '/var/run/mysqld/mysqld.sock' (2)):
  mysql2 (0.3.18) lib/mysql2/client.rb:70:in `connect'
  mysql2 (0.3.18) lib/mysql2/client.rb:70:in `initialize'
  activerecord (4.2.0) lib/active_record/connection_adapters/mysql2_adapter.rb:18:in `new'
  activerecord (4.2.0) lib/active_record/connection_adapters/mysql2_adapter.rb:18:in `mysql2_connection'
  activerecord (4.2.0) lib/active_record/connection_adapters/abstract/connection_pool.rb:436:in `new_connection'
  activerecord (4.2.0) lib/active_record/connection_adapters/abstract/connection_pool.rb:446:in `checkout_new_connection'
  activerecord (4.2.0) lib/active_record/connection_adapters/abstract/connection_pool.rb:422:in `acquire_connection'
  activerecord (4.2.0) lib/active_record/connection_adapters/abstract/connection_pool.rb:349:in `block in checkout'
  /Users/mac/.rvm/rubies/ruby-2.1.3/lib/ruby/2.1.0/monitor.rb:211:in `mon_synchronize'
  activerecord (4.2.0) lib/active_record/connection_adapters/abstract/connection_pool.rb:348:in `checkout'
  activerecord (4.2.0) lib/active_record/connection_adapters/abstract/connection_pool.rb:263:in `block in connection'
  /Users/mac/.rvm/rubies/ruby-2.1.3/lib/ruby/2.1.0/monitor.rb:211:in `mon_synchronize'
  activerecord (4.2.0) lib/active_record/connection_adapters/abstract/connection_pool.rb:262:in `connection'
  activerecord (4.2.0) lib/active_record/connection_adapters/abstract/connection_pool.rb:565:in `retrieve_connection'
  activerecord (4.2.0) lib/active_record/connection_handling.rb:113:in `retrieve_connection'
  activerecord (4.2.0) lib/active_record/connection_handling.rb:87:in `connection'
  activerecord (4.2.0) lib/active_record/migration.rb:384:in `connection'
  activerecord (4.2.0) lib/active_record/migration.rb:371:in `call'
  actionpack (4.2.0) lib/action_dispatch/middleware/callbacks.rb:29:in `block in call'
  activesupport (4.2.0) lib/active_support/callbacks.rb:88:in `call'
  activesupport (4.2.0) lib/active_support/callbacks.rb:88:in `_run_callbacks'
  activesupport (4.2.0) lib/active_support/callbacks.rb:734:in `_run_call_callbacks'
  activesupport (4.2.0) lib/active_support/callbacks.rb:81:in `run_callbacks'
  actionpack (4.2.0) lib/action_dispatch/middleware/callbacks.rb:27:in `call'
  actionpack (4.2.0) lib/action_dispatch/middleware/reloader.rb:73:in `call'
  actionpack (4.2.0) lib/action_dispatch/middleware/remote_ip.rb:78:in `call'
  actionpack (4.2.0) lib/action_dispatch/middleware/debug_exceptions.rb:17:in `call'
  web-console (2.1.1) lib/web_console/middleware.rb:37:in `call'
  actionpack (4.2.0) lib/action_dispatch/middleware/show_exceptions.rb:30:in `call'
  railties (4.2.0) lib/rails/rack/logger.rb:38:in `call_app'
  railties (4.2.0) lib/rails/rack/logger.rb:20:in `block in call'
  activesupport (4.2.0) lib/active_support/tagged_logging.rb:68:in `block in tagged'
  activesupport (4.2.0) lib/active_support/tagged_logging.rb:26:in `tagged'
  activesupport (4.2.0) lib/active_support/tagged_logging.rb:68:in `tagged'
  railties (4.2.0) lib/rails/rack/logger.rb:20:in `call'
  actionpack (4.2.0) lib/action_dispatch/middleware/request_id.rb:21:in `call'
  rack (1.6.0) lib/rack/methodoverride.rb:22:in `call'
  rack (1.6.0) lib/rack/runtime.rb:18:in `call'
  activesupport (4.2.0) lib/active_support/cache/strategy/local_cache_middleware.rb:28:in `call'
  rack (1.6.0) lib/rack/lock.rb:17:in `call'
  actionpack (4.2.0) lib/action_dispatch/middleware/static.rb:113:in `call'
  rack (1.6.0) lib/rack/sendfile.rb:113:in `call'
  railties (4.2.0) lib/rails/engine.rb:518:in `call'
  railties (4.2.0) lib/rails/application.rb:164:in `call'
  rack (1.6.0) lib/rack/lock.rb:17:in `call'
  rack (1.6.0) lib/rack/content_length.rb:15:in `call'
  rack (1.6.0) lib/rack/handler/webrick.rb:89:in `service'
  /Users/mac/.rvm/rubies/ruby-2.1.3/lib/ruby/2.1.0/webrick/httpserver.rb:138:in `service'
  /Users/mac/.rvm/rubies/ruby-2.1.3/lib/ruby/2.1.0/webrick/httpserver.rb:94:in `run'
  /Users/mac/.rvm/rubies/ruby-2.1.3/lib/ruby/2.1.0/webrick/server.rb:295:in `block in start_thread'


  Rendered /Users/mac/.rvm/gems/ruby-2.1.3/gems/actionpack-4.2.0/lib/action_dispatch/middleware/templates/rescues/_source.erb (2.9ms)
  Rendered /Users/mac/.rvm/gems/ruby-2.1.3/gems/actionpack-4.2.0/lib/action_dispatch/middleware/templates/rescues/_trace.html.erb (1.6ms)
  Rendered /Users/mac/.rvm/gems/ruby-2.1.3/gems/actionpack-4.2.0/lib/action_dispatch/middleware/templates/rescues/_request_and_response.html.erb (0.7ms)
  Rendered /Users/mac/.rvm/gems/ruby-2.1.3/gems/actionpack-4.2.0/lib/action_dispatch/middleware/templates/rescues/diagnostics.html.erb within rescues/layout (16.2ms)
  Rendered /Users/mac/.rvm/gems/ruby-2.1.3/gems/web-console-2.1.1/lib/web_console/templates/_markup.html (0.3ms)
  Rendered /Users/mac/.rvm/gems/ruby-2.1.3/gems/web-console-2.1.1/lib/web_console/templates/style.css within layouts/inlined_string (0.2ms)
  Rendered /Users/mac/.rvm/gems/ruby-2.1.3/gems/web-console-2.1.1/lib/web_console/templates/_inner_console_markup.html within layouts/inlined_string (0.2ms)
  Rendered /Users/mac/.rvm/gems/ruby-2.1.3/gems/web-console-2.1.1/lib/web_console/templates/_prompt_box_markup.html within layouts/inlined_string (0.2ms)
  Rendered /Users/mac/.rvm/gems/ruby-2.1.3/gems/web-console-2.1.1/lib/web_console/templates/console.js within layouts/javascript (12.3ms)
  Rendered /Users/mac/.rvm/gems/ruby-2.1.3/gems/web-console-2.1.1/lib/web_console/templates/main.js within layouts/javascript (0.3ms)
  Rendered /Users/mac/.rvm/gems/ruby-2.1.3/gems/web-console-2.1.1/lib/web_console/templates/error_page.js within layouts/javascript (0.4ms)
  Rendered /Users/mac/.rvm/gems/ruby-2.1.3/gems/web-console-2.1.1/lib/web_console/templates/index.html (26.8ms)


Started GET "/suspect_posts/new" for ::1 at 2015-03-18 19:35:30 +0200
  [1m[36mActiveRecord::SchemaMigration Load (0.4ms)[0m  [1mSELECT `schema_migrations`.* FROM `schema_migrations`[0m

ActionController::RoutingError (No route matches [GET] "/suspect_posts/new"):
  actionpack (4.2.0) lib/action_dispatch/middleware/debug_exceptions.rb:21:in `call'
  web-console (2.1.1) lib/web_console/middleware.rb:37:in `call'
  actionpack (4.2.0) lib/action_dispatch/middleware/show_exceptions.rb:30:in `call'
  railties (4.2.0) lib/rails/rack/logger.rb:38:in `call_app'
  railties (4.2.0) lib/rails/rack/logger.rb:20:in `block in call'
  activesupport (4.2.0) lib/active_support/tagged_logging.rb:68:in `block in tagged'
  activesupport (4.2.0) lib/active_support/tagged_logging.rb:26:in `tagged'
  activesupport (4.2.0) lib/active_support/tagged_logging.rb:68:in `tagged'
  railties (4.2.0) lib/rails/rack/logger.rb:20:in `call'
  actionpack (4.2.0) lib/action_dispatch/middleware/request_id.rb:21:in `call'
  rack (1.6.0) lib/rack/methodoverride.rb:22:in `call'
  rack (1.6.0) lib/rack/runtime.rb:18:in `call'
  activesupport (4.2.0) lib/active_support/cache/strategy/local_cache_middleware.rb:28:in `call'
  rack (1.6.0) lib/rack/lock.rb:17:in `call'
  actionpack (4.2.0) lib/action_dispatch/middleware/static.rb:113:in `call'
  rack (1.6.0) lib/rack/sendfile.rb:113:in `call'
  railties (4.2.0) lib/rails/engine.rb:518:in `call'
  railties (4.2.0) lib/rails/application.rb:164:in `call'
  rack (1.6.0) lib/rack/lock.rb:17:in `call'
  rack (1.6.0) lib/rack/content_length.rb:15:in `call'
  rack (1.6.0) lib/rack/handler/webrick.rb:89:in `service'
  /Users/mac/.rvm/rubies/ruby-2.1.3/lib/ruby/2.1.0/webrick/httpserver.rb:138:in `service'
  /Users/mac/.rvm/rubies/ruby-2.1.3/lib/ruby/2.1.0/webrick/httpserver.rb:94:in `run'
  /Users/mac/.rvm/rubies/ruby-2.1.3/lib/ruby/2.1.0/webrick/server.rb:295:in `block in start_thread'


  Rendered /Users/mac/.rvm/gems/ruby-2.1.3/gems/actionpack-4.2.0/lib/action_dispatch/middleware/templates/rescues/_trace.html.erb (1.1ms)
  Rendered /Users/mac/.rvm/gems/ruby-2.1.3/gems/actionpack-4.2.0/lib/action_dispatch/middleware/templates/routes/_table.html.erb (3.2ms)
  Rendered /Users/mac/.rvm/gems/ruby-2.1.3/gems/actionpack-4.2.0/lib/action_dispatch/middleware/templates/rescues/_request_and_response.html.erb (8.7ms)
  Rendered /Users/mac/.rvm/gems/ruby-2.1.3/gems/actionpack-4.2.0/lib/action_dispatch/middleware/templates/rescues/routing_error.html.erb within rescues/layout (29.8ms)
  Rendered /Users/mac/.rvm/gems/ruby-2.1.3/gems/web-console-2.1.1/lib/web_console/templates/_markup.html (0.3ms)
  Rendered /Users/mac/.rvm/gems/ruby-2.1.3/gems/web-console-2.1.1/lib/web_console/templates/style.css within layouts/inlined_string (0.3ms)
  Rendered /Users/mac/.rvm/gems/ruby-2.1.3/gems/web-console-2.1.1/lib/web_console/templates/_inner_console_markup.html within layouts/inlined_string (0.3ms)
  Rendered /Users/mac/.rvm/gems/ruby-2.1.3/gems/web-console-2.1.1/lib/web_console/templates/_prompt_box_markup.html within layouts/inlined_string (0.3ms)
  Rendered /Users/mac/.rvm/gems/ruby-2.1.3/gems/web-console-2.1.1/lib/web_console/templates/console.js within layouts/javascript (16.3ms)
  Rendered /Users/mac/.rvm/gems/ruby-2.1.3/gems/web-console-2.1.1/lib/web_console/templates/main.js within layouts/javascript (0.3ms)
  Rendered /Users/mac/.rvm/gems/ruby-2.1.3/gems/web-console-2.1.1/lib/web_console/templates/error_page.js within layouts/javascript (0.3ms)
  Rendered /Users/mac/.rvm/gems/ruby-2.1.3/gems/web-console-2.1.1/lib/web_console/templates/index.html (37.4ms)


Started GET "/suspect_posts/new" for ::1 at 2015-03-18 19:36:48 +0200
  [1m[36mActiveRecord::SchemaMigration Load (0.2ms)[0m  [1mSELECT `schema_migrations`.* FROM `schema_migrations`[0m
Processing by SuspectPostsController#new as HTML
  Rendered suspect_posts/new.html.haml within layouts/application (110.7ms)
Completed 200 OK in 303ms (Views: 263.8ms | ActiveRecord: 18.9ms)


Started GET "/assets/application-2013afdd016bafaf235cc0ca70ac76b9.css?body=1" for ::1 at 2015-03-18 19:36:48 +0200


Started GET "/assets/foundation_and_overrides-800107c0767a6bf0ef26b365290582a8.css?body=1" for ::1 at 2015-03-18 19:36:48 +0200


Started GET "/assets/jquery_ujs-e27bd20a10d28155845a22d71ef94f2f.js?body=1" for ::1 at 2015-03-18 19:36:48 +0200


Started GET "/assets/jquery-87424c3c19e96d4fb033c10ebe21ec40.js?body=1" for ::1 at 2015-03-18 19:36:48 +0200


Started GET "/assets/turbolinks-f87b3583ca50adb0488b031297f5580d.js?body=1" for ::1 at 2015-03-18 19:36:48 +0200


Started GET "/assets/application-bc105cf26f847567b5eae624a793b626.js?body=1" for ::1 at 2015-03-18 19:36:48 +0200


Started POST "/suspect_posts" for ::1 at 2015-03-18 19:36:54 +0200
Processing by SuspectPostsController#create as HTML
  Parameters: {"utf8"=>"✓", "authenticity_token"=>"Kmxf7zwbN+Spi8zQmP7oU4qRLGsCvQ+VxR2YQMx15pGpmOpnhybZzhxx1ZvzIUOHaWeH8F6BdkN08uILxbosWw==", "suspect_post"=>{"approximate_age"=>"", "location"=>"", "description"=>"", "special_signs"=>"", "reporter_name"=>"", "reporter_phone"=>""}, "commit"=>"Submit"}
  [1m[35m (0.1ms)[0m  BEGIN
  [1m[36m (0.1ms)[0m  [1mROLLBACK[0m
  [1m[35m (0.1ms)[0m  BEGIN
  [1m[36m (0.1ms)[0m  [1mROLLBACK[0m
  Rendered suspect_posts/new.html.haml within layouts/application (11.3ms)
Completed 200 OK in 50ms (Views: 40.3ms | ActiveRecord: 0.4ms)


Started GET "/assets/foundation_and_overrides-800107c0767a6bf0ef26b365290582a8.css?body=1" for ::1 at 2015-03-18 19:36:54 +0200


Started GET "/assets/jquery-87424c3c19e96d4fb033c10ebe21ec40.js?body=1" for ::1 at 2015-03-18 19:36:54 +0200


Started GET "/assets/application-bc105cf26f847567b5eae624a793b626.js?body=1" for ::1 at 2015-03-18 19:36:54 +0200


Started GET "/assets/jquery_ujs-e27bd20a10d28155845a22d71ef94f2f.js?body=1" for ::1 at 2015-03-18 19:36:54 +0200


Started GET "/assets/turbolinks-f87b3583ca50adb0488b031297f5580d.js?body=1" for ::1 at 2015-03-18 19:36:54 +0200


Started POST "/suspect_posts" for ::1 at 2015-03-18 19:38:36 +0200
Processing by SuspectPostsController#create as HTML
  Parameters: {"utf8"=>"✓", "authenticity_token"=>"Kmxf7zwbN+Spi8zQmP7oU4qRLGsCvQ+VxR2YQMx15pGpmOpnhybZzhxx1ZvzIUOHaWeH8F6BdkN08uILxbosWw==", "suspect_post"=>{"gender"=>" Male", "approximate_age"=>"2", "location"=>"nasr city", "image"=>#<ActionDispatch::Http::UploadedFile:0x007fae2a09ad50 @tempfile=#<Tempfile:/var/folders/y4/3jpll3_j52n4w6qrc6wwtpj00000gn/T/RackMultipart20150318-4004-1db9i56.png>, @original_filename="brainy-smurf-icon.png", @content_type="image/png", @headers="Content-Disposition: form-data; name=\"suspect_post[image]\"; filename=\"brainy-smurf-icon.png\"\r\nContent-Type: image/png\r\n">, "description"=>"", "special_signs"=>"", "reporter_name"=>"", "reporter_phone"=>"01234567890"}, "commit"=>"Submit"}
  [1m[35m (0.3ms)[0m  BEGIN
  [1m[36mSQL (11.5ms)[0m  [1mINSERT INTO `suspect_posts` (`approximate_age`, `gender`, `location`, `image`, `description`, `special_signs`, `reporter_name`, `reporter_phone`, `created_at`, `updated_at`) VALUES ('2', ' Male', 'nasr city', 'brainy-smurf-icon.png', '', '', '', '01234567890', '2015-03-18 17:38:36.288188', '2015-03-18 17:38:36.288188')[0m
  [1m[35m (12.4ms)[0m  COMMIT
  [1m[36m (0.3ms)[0m  [1mBEGIN[0m
  [1m[35m (0.2ms)[0m  COMMIT
Redirected to http://localhost:3000/suspect_posts/1
Completed 302 Found in 93ms (ActiveRecord: 24.6ms)


Started GET "/suspect_posts/1" for ::1 at 2015-03-18 19:38:36 +0200
Processing by SuspectPostsController#show as HTML
  Parameters: {"id"=>"1"}
  [1m[36mSuspectPost Load (1.3ms)[0m  [1mSELECT  `suspect_posts`.* FROM `suspect_posts` WHERE `suspect_posts`.`id` = 1 LIMIT 1[0m
  Rendered suspect_posts/show.html.haml within layouts/application (4.4ms)
Completed 200 OK in 93ms (Views: 76.9ms | ActiveRecord: 1.3ms)


Started GET "/assets/foundation_and_overrides-800107c0767a6bf0ef26b365290582a8.css?body=1" for ::1 at 2015-03-18 19:38:36 +0200


Started GET "/assets/jquery_ujs-e27bd20a10d28155845a22d71ef94f2f.js?body=1" for ::1 at 2015-03-18 19:38:36 +0200


Started GET "/assets/jquery-87424c3c19e96d4fb033c10ebe21ec40.js?body=1" for ::1 at 2015-03-18 19:38:36 +0200


Started GET "/assets/turbolinks-f87b3583ca50adb0488b031297f5580d.js?body=1" for ::1 at 2015-03-18 19:38:36 +0200


Started GET "/assets/application-bc105cf26f847567b5eae624a793b626.js?body=1" for ::1 at 2015-03-18 19:38:36 +0200


Started GET "/suspect_posts/1" for ::1 at 2015-03-18 19:42:56 +0200
  [1m[36mActiveRecord::SchemaMigration Load (0.2ms)[0m  [1mSELECT `schema_migrations`.* FROM `schema_migrations`[0m
Processing by SuspectPostsController#show as HTML
  Parameters: {"id"=>"1"}
  [1m[35mSuspectPost Load (0.3ms)[0m  SELECT  `suspect_posts`.* FROM `suspect_posts` WHERE `suspect_posts`.`id` = 1 LIMIT 1
  Rendered suspect_posts/show.html.haml within layouts/application (3.8ms)
Completed 500 Internal Server Error in 2605ms

ActionView::Template::Error (couldn't find file 'foundation.'
  (in /Users/mac/Documents/GitHub/SE/Mafqood/Mafqood/app/assets/javascripts/application.js:17)):
    3: <head>
    4:   <title>Mafqood</title>
    5:   <%= stylesheet_link_tag    'application', media: 'all', 'data-turbolinks-track' => true %>
    6:   <%= javascript_include_tag 'application', 'data-turbolinks-track' => true %>
    7:   <%= csrf_meta_tags %>
    8: </head>
    9: <body>
  app/views/layouts/application.html.erb:6:in `_app_views_layouts_application_html_erb___556931687339589487_70301872614620'


  Rendered /Users/mac/.rvm/gems/ruby-2.1.3/gems/actionpack-4.2.0/lib/action_dispatch/middleware/templates/rescues/_source.erb (99.3ms)
  Rendered /Users/mac/.rvm/gems/ruby-2.1.3/gems/actionpack-4.2.0/lib/action_dispatch/middleware/templates/rescues/_trace.html.erb (2.7ms)
  Rendered /Users/mac/.rvm/gems/ruby-2.1.3/gems/actionpack-4.2.0/lib/action_dispatch/middleware/templates/rescues/_request_and_response.html.erb (0.8ms)
  Rendered /Users/mac/.rvm/gems/ruby-2.1.3/gems/actionpack-4.2.0/lib/action_dispatch/middleware/templates/rescues/template_error.html.erb within rescues/layout (116.6ms)
  Rendered /Users/mac/.rvm/gems/ruby-2.1.3/gems/web-console-2.1.1/lib/web_console/templates/_markup.html (0.3ms)
  Rendered /Users/mac/.rvm/gems/ruby-2.1.3/gems/web-console-2.1.1/lib/web_console/templates/style.css within layouts/inlined_string (0.2ms)
  Rendered /Users/mac/.rvm/gems/ruby-2.1.3/gems/web-console-2.1.1/lib/web_console/templates/_inner_console_markup.html within layouts/inlined_string (0.3ms)
  Rendered /Users/mac/.rvm/gems/ruby-2.1.3/gems/web-console-2.1.1/lib/web_console/templates/_prompt_box_markup.html within layouts/inlined_string (0.3ms)
  Rendered /Users/mac/.rvm/gems/ruby-2.1.3/gems/web-console-2.1.1/lib/web_console/templates/console.js within layouts/javascript (16.1ms)
  Rendered /Users/mac/.rvm/gems/ruby-2.1.3/gems/web-console-2.1.1/lib/web_console/templates/main.js within layouts/javascript (0.2ms)
  Rendered /Users/mac/.rvm/gems/ruby-2.1.3/gems/web-console-2.1.1/lib/web_console/templates/error_page.js within layouts/javascript (0.3ms)
  Rendered /Users/mac/.rvm/gems/ruby-2.1.3/gems/web-console-2.1.1/lib/web_console/templates/index.html (35.7ms)


Started GET "/suspect_posts/new" for ::1 at 2015-03-18 19:46:44 +0200
  [1m[36mActiveRecord::SchemaMigration Load (0.3ms)[0m  [1mSELECT `schema_migrations`.* FROM `schema_migrations`[0m
Processing by SuspectPostsController#new as HTML
  Rendered suspect_posts/new.html.haml within layouts/application (77.8ms)
Completed 200 OK in 370ms (Views: 350.2ms | ActiveRecord: 1.6ms)


Started GET "/suspect_posts/new" for ::1 at 2015-03-18 19:46:45 +0200
Processing by SuspectPostsController#new as HTML
  Rendered suspect_posts/new.html.haml within layouts/application (10.5ms)
Completed 200 OK in 124ms (Views: 123.1ms | ActiveRecord: 0.0ms)


Started GET "/assets/application-d67cee6e857e8143b217eb35756b08a7.css?body=1" for ::1 at 2015-03-18 19:46:45 +0200


Started GET "/assets/foundation-800107c0767a6bf0ef26b365290582a8.css?body=1" for ::1 at 2015-03-18 19:46:45 +0200


Started GET "/assets/foundation_and_overrides-800107c0767a6bf0ef26b365290582a8.css?body=1" for ::1 at 2015-03-18 19:46:45 +0200


Started GET "/assets/jquery-87424c3c19e96d4fb033c10ebe21ec40.js?body=1" for ::1 at 2015-03-18 19:46:45 +0200


Started GET "/assets/application-e2ae5428aecb44ab9fce0118f8cddf1c.js?body=1" for ::1 at 2015-03-18 19:46:45 +0200


Started GET "/assets/jquery_ujs-e27bd20a10d28155845a22d71ef94f2f.js?body=1" for ::1 at 2015-03-18 19:46:45 +0200


Started GET "/assets/vendor/modernizr-ab036539ab2eac66b636accb8d06d77b.js?body=1" for ::1 at 2015-03-18 19:46:45 +0200


Started GET "/assets/foundation/foundation-013a9ecfcbd0d277665f83c66e076e18.js?body=1" for ::1 at 2015-03-18 19:46:45 +0200


Started GET "/assets/foundation/foundation.abide-cecd3b8dfdb9535c145e3160cca57cae.js?body=1" for ::1 at 2015-03-18 19:46:45 +0200


Started GET "/assets/foundation/foundation.accordion-07d483c126d868809345e4abbcfd54a5.js?body=1" for ::1 at 2015-03-18 19:46:45 +0200


Started GET "/assets/foundation/foundation.alert-e54c2d9000574a39e07b2e6ede6ae0f6.js?body=1" for ::1 at 2015-03-18 19:46:45 +0200


Started GET "/assets/foundation/foundation.joyride-7f23c30298ef55f2db505f357bd4a799.js?body=1" for ::1 at 2015-03-18 19:46:45 +0200


Started GET "/assets/foundation/foundation.magellan-8cd3c13f48f6d78fb172bb5200551918.js?body=1" for ::1 at 2015-03-18 19:46:45 +0200


Started GET "/assets/foundation/foundation.clearing-b0828edefaad3278cd85c2faf6fd20ef.js?body=1" for ::1 at 2015-03-18 19:46:45 +0200


Started GET "/assets/foundation/foundation.offcanvas-0c2112e52f2de840e27058c4912dd869.js?body=1" for ::1 at 2015-03-18 19:46:45 +0200


Started GET "/assets/foundation/foundation.dropdown-c6b22cf8e5474c59dc0bc19e2d290da5.js?body=1" for ::1 at 2015-03-18 19:46:45 +0200


Started GET "/assets/foundation/foundation.orbit-925ec65dcf6be03dd5c7a1d472845b27.js?body=1" for ::1 at 2015-03-18 19:46:45 +0200


Started GET "/assets/foundation/foundation.reveal-7bd8d9ca180151af16ff7678033f8212.js?body=1" for ::1 at 2015-03-18 19:46:45 +0200


Started GET "/assets/foundation/foundation.interchange-adf4ca4cb9a1f36677701d7d06489ead.js?body=1" for ::1 at 2015-03-18 19:46:45 +0200


Started GET "/assets/foundation/foundation.equalizer-b93ba11c4146c58dd7d95ba14769e640.js?body=1" for ::1 at 2015-03-18 19:46:45 +0200


Started GET "/assets/foundation/foundation.slider-66a6fcccc01097ba84b9e9fb84a429ef.js?body=1" for ::1 at 2015-03-18 19:46:45 +0200


Started GET "/assets/foundation/foundation.tab-0d9dd6504af28bc75bdb999fbb120872.js?body=1" for ::1 at 2015-03-18 19:46:45 +0200


Started GET "/assets/foundation/foundation.tooltip-5214a0ecffb0be84dc9247c31455ef50.js?body=1" for ::1 at 2015-03-18 19:46:45 +0200


Started GET "/assets/turbolinks-f87b3583ca50adb0488b031297f5580d.js?body=1" for ::1 at 2015-03-18 19:46:45 +0200


Started GET "/assets/foundation-cf9c2be01a146b330f05b712f6779903.js?body=1" for ::1 at 2015-03-18 19:46:45 +0200


Started GET "/assets/foundation/foundation.topbar-ba04adaaf787a047a2bc9195842bb938.js?body=1" for ::1 at 2015-03-18 19:46:45 +0200


Started POST "/suspect_posts" for ::1 at 2015-03-18 19:47:06 +0200
Processing by SuspectPostsController#create as HTML
  Parameters: {"utf8"=>"✓", "authenticity_token"=>"fjOtlnfnY5M60n9DN5o9/SWC0nGEVjFlYrWcCVinV2L9xxgezNqNuY8oZghcRZYpxnR56thqSLPTWuZCUWidqA==", "suspect_post"=>{"gender"=>" Male", "approximate_age"=>"5", "location"=>"nasr city", "image"=>#<ActionDispatch::Http::UploadedFile:0x007ff40b570240 @tempfile=#<Tempfile:/var/folders/y4/3jpll3_j52n4w6qrc6wwtpj00000gn/T/RackMultipart20150318-4038-1ac0rdn.png>, @original_filename="Character 1.png", @content_type="image/png", @headers="Content-Disposition: form-data; name=\"suspect_post[image]\"; filename=\"Character 1.png\"\r\nContent-Type: image/png\r\n">, "description"=>"", "special_signs"=>"", "reporter_name"=>"", "reporter_phone"=>"01098765432"}, "commit"=>"Submit"}
  [1m[35m (0.6ms)[0m  BEGIN
  [1m[36mSQL (8.2ms)[0m  [1mINSERT INTO `suspect_posts` (`approximate_age`, `gender`, `location`, `image`, `description`, `special_signs`, `reporter_name`, `reporter_phone`, `created_at`, `updated_at`) VALUES ('5', ' Male', 'nasr city', 'Character_1.png', '', '', '', '01098765432', '2015-03-18 17:47:06.992595', '2015-03-18 17:47:06.992595')[0m
  [1m[35m (6.8ms)[0m  COMMIT
  [1m[36m (0.2ms)[0m  [1mBEGIN[0m
  [1m[35m (0.1ms)[0m  COMMIT
Redirected to http://localhost:3000/suspect_posts/2
Completed 302 Found in 66ms (ActiveRecord: 15.9ms)


Started GET "/suspect_posts/2" for ::1 at 2015-03-18 19:47:07 +0200
Processing by SuspectPostsController#show as HTML
  Parameters: {"id"=>"2"}
  [1m[36mSuspectPost Load (0.5ms)[0m  [1mSELECT  `suspect_posts`.* FROM `suspect_posts` WHERE `suspect_posts`.`id` = 2 LIMIT 1[0m
  Rendered suspect_posts/show.html.haml within layouts/application (7.4ms)
Completed 200 OK in 292ms (Views: 274.6ms | ActiveRecord: 0.5ms)


Started GET "/assets/foundation_and_overrides-800107c0767a6bf0ef26b365290582a8.css?body=1" for ::1 at 2015-03-18 19:47:07 +0200


Started GET "/assets/vendor/modernizr-ab036539ab2eac66b636accb8d06d77b.js?body=1" for ::1 at 2015-03-18 19:47:07 +0200


Started GET "/assets/jquery-87424c3c19e96d4fb033c10ebe21ec40.js?body=1" for ::1 at 2015-03-18 19:47:07 +0200


Started GET "/assets/jquery_ujs-e27bd20a10d28155845a22d71ef94f2f.js?body=1" for ::1 at 2015-03-18 19:47:07 +0200


Started GET "/assets/foundation/foundation.accordion-07d483c126d868809345e4abbcfd54a5.js?body=1" for ::1 at 2015-03-18 19:47:07 +0200


Started GET "/assets/foundation/foundation.abide-cecd3b8dfdb9535c145e3160cca57cae.js?body=1" for ::1 at 2015-03-18 19:47:07 +0200


Started GET "/assets/foundation/foundation-013a9ecfcbd0d277665f83c66e076e18.js?body=1" for ::1 at 2015-03-18 19:47:07 +0200


Started GET "/assets/foundation/foundation.alert-e54c2d9000574a39e07b2e6ede6ae0f6.js?body=1" for ::1 at 2015-03-18 19:47:07 +0200


Started GET "/assets/foundation/foundation.clearing-b0828edefaad3278cd85c2faf6fd20ef.js?body=1" for ::1 at 2015-03-18 19:47:07 +0200


Started GET "/assets/foundation/foundation.dropdown-c6b22cf8e5474c59dc0bc19e2d290da5.js?body=1" for ::1 at 2015-03-18 19:47:07 +0200


Started GET "/assets/foundation/foundation.interchange-adf4ca4cb9a1f36677701d7d06489ead.js?body=1" for ::1 at 2015-03-18 19:47:07 +0200


Started GET "/assets/foundation/foundation.joyride-7f23c30298ef55f2db505f357bd4a799.js?body=1" for ::1 at 2015-03-18 19:47:07 +0200


Started GET "/assets/foundation/foundation.magellan-8cd3c13f48f6d78fb172bb5200551918.js?body=1" for ::1 at 2015-03-18 19:47:07 +0200


Started GET "/assets/foundation/foundation.offcanvas-0c2112e52f2de840e27058c4912dd869.js?body=1" for ::1 at 2015-03-18 19:47:07 +0200


Started GET "/assets/foundation/foundation.orbit-925ec65dcf6be03dd5c7a1d472845b27.js?body=1" for ::1 at 2015-03-18 19:47:07 +0200


Started GET "/assets/foundation/foundation.reveal-7bd8d9ca180151af16ff7678033f8212.js?body=1" for ::1 at 2015-03-18 19:47:07 +0200


Started GET "/assets/foundation/foundation.slider-66a6fcccc01097ba84b9e9fb84a429ef.js?body=1" for ::1 at 2015-03-18 19:47:07 +0200


Started GET "/assets/foundation/foundation.tab-0d9dd6504af28bc75bdb999fbb120872.js?body=1" for ::1 at 2015-03-18 19:47:07 +0200


Started GET "/assets/foundation/foundation.tooltip-5214a0ecffb0be84dc9247c31455ef50.js?body=1" for ::1 at 2015-03-18 19:47:07 +0200


Started GET "/assets/foundation/foundation.topbar-ba04adaaf787a047a2bc9195842bb938.js?body=1" for ::1 at 2015-03-18 19:47:07 +0200


Started GET "/assets/foundation/foundation.equalizer-b93ba11c4146c58dd7d95ba14769e640.js?body=1" for ::1 at 2015-03-18 19:47:07 +0200


Started GET "/assets/foundation-cf9c2be01a146b330f05b712f6779903.js?body=1" for ::1 at 2015-03-18 19:47:07 +0200


Started GET "/assets/turbolinks-f87b3583ca50adb0488b031297f5580d.js?body=1" for ::1 at 2015-03-18 19:47:07 +0200
  [1m[36m (34.6ms)[0m  [1mCREATE TABLE `schema_migrations` (`version` varchar(255) NOT NULL) ENGINE=InnoDB[0m
  [1m[35m (21.5ms)[0m  CREATE UNIQUE INDEX `unique_schema_migrations`  ON `schema_migrations` (`version`) 
  [1m[36mActiveRecord::SchemaMigration Load (0.2ms)[0m  [1mSELECT `schema_migrations`.* FROM `schema_migrations`[0m
Migrating to CreateSuspectPosts (20150312141548)
  [1m[35m (28.3ms)[0m  CREATE TABLE `suspect_posts` (`id` int(11) auto_increment PRIMARY KEY, `approximate_age` varchar(255), `gender` varchar(255), `location` varchar(255), `image` blob, `description` varchar(255), `special_signs` varchar(255), `reporter_name` varchar(255), `reporter_phone` varchar(255), `created_at` datetime NOT NULL, `updated_at` datetime NOT NULL) ENGINE=InnoDB
  [1m[36m (0.1ms)[0m  [1mBEGIN[0m
  [1m[35mSQL (0.2ms)[0m  INSERT INTO `schema_migrations` (`version`) VALUES ('20150312141548')
  [1m[36m (0.2ms)[0m  [1mCOMMIT[0m
Migrating to DeleteColumnImageFromSuspectPosts (20150316154335)
  [1m[35m (35.5ms)[0m  ALTER TABLE `suspect_posts` DROP `image`
  [1m[36m (0.1ms)[0m  [1mBEGIN[0m
  [1m[35mSQL (0.2ms)[0m  INSERT INTO `schema_migrations` (`version`) VALUES ('20150316154335')
  [1m[36m (0.3ms)[0m  [1mCOMMIT[0m
Migrating to AddImageToSuspectPosts (20150316154643)
  [1m[35m (31.8ms)[0m  ALTER TABLE `suspect_posts` ADD `image` varchar(255)
  [1m[36m (0.1ms)[0m  [1mBEGIN[0m
  [1m[35mSQL (0.2ms)[0m  INSERT INTO `schema_migrations` (`version`) VALUES ('20150316154643')
  [1m[36m (0.4ms)[0m  [1mCOMMIT[0m
  [1m[35mActiveRecord::SchemaMigration Load (0.2ms)[0m  SELECT `schema_migrations`.* FROM `schema_migrations`
  [1m[36m (0.3ms)[0m  [1mSELECT fk.referenced_table_name as 'to_table'
      ,fk.referenced_column_name as 'primary_key'
      ,fk.column_name as 'column'
      ,fk.constraint_name as 'name'
FROM information_schema.key_column_usage fk
WHERE fk.referenced_column_name is not null
  AND fk.table_schema = 'Mafqood_development'
  AND fk.table_name = 'suspect_posts'
[0m
  [1m[35m (0.1ms)[0m  SHOW CREATE TABLE `suspect_posts`
